22:19:49: [INFO] [C:\Users\Happy\Desktop\WARG Autonomy Bootcamp\autonomy-bootcamp-2025-p2\modules\command\command_worker.py | command_worker | 46] Logger initialized for Command Worker
22:19:49: [INFO] [C:\Users\Happy\Desktop\WARG Autonomy Bootcamp\autonomy-bootcamp-2025-p2\modules\command\command_worker.py | command_worker | 60] Command object created successfully
22:19:49: [INFO] [C:\Users\Happy\Desktop\WARG Autonomy Bootcamp\autonomy-bootcamp-2025-p2\modules\command\command_worker.py | command_worker | 75] Received telemetry: pos=(0.00, 0.00, 29.00), yaw=0.00
22:19:49: [INFO] [C:\Users\Happy\Desktop\WARG Autonomy Bootcamp\autonomy-bootcamp-2025-p2\modules\command\command.py | run | 156] CHANGE_ALTITUDE: 1.00 m
22:19:50: [INFO] [C:\Users\Happy\Desktop\WARG Autonomy Bootcamp\autonomy-bootcamp-2025-p2\modules\command\command_worker.py | command_worker | 75] Received telemetry: pos=(0.00, 0.00, 31.00), yaw=0.00
22:19:50: [INFO] [C:\Users\Happy\Desktop\WARG Autonomy Bootcamp\autonomy-bootcamp-2025-p2\modules\command\command.py | run | 156] CHANGE_ALTITUDE: -1.00 m
22:19:50: [INFO] [C:\Users\Happy\Desktop\WARG Autonomy Bootcamp\autonomy-bootcamp-2025-p2\modules\command\command_worker.py | command_worker | 75] Received telemetry: pos=(0.00, 0.00, 30.20), yaw=1.11
22:19:51: [INFO] [C:\Users\Happy\Desktop\WARG Autonomy Bootcamp\autonomy-bootcamp-2025-p2\modules\command\command_worker.py | command_worker | 75] Received telemetry: pos=(0.00, 0.00, 29.80), yaw=1.11
22:19:51: [DEBUG] [C:\Users\Happy\Desktop\WARG Autonomy Bootcamp\autonomy-bootcamp-2025-p2\modules\command\command_worker.py | command_worker | 87] Queue timeout or error: 
22:19:51: [INFO] [C:\Users\Happy\Desktop\WARG Autonomy Bootcamp\autonomy-bootcamp-2025-p2\modules\command\command_worker.py | command_worker | 75] Received telemetry: pos=(0.00, 0.00, 30.00), yaw=1.11
22:19:52: [INFO] [C:\Users\Happy\Desktop\WARG Autonomy Bootcamp\autonomy-bootcamp-2025-p2\modules\command\command_worker.py | command_worker | 75] Received telemetry: pos=(0.00, 0.00, 30.00), yaw=1.14
22:19:52: [INFO] [C:\Users\Happy\Desktop\WARG Autonomy Bootcamp\autonomy-bootcamp-2025-p2\modules\command\command_worker.py | command_worker | 75] Received telemetry: pos=(0.00, 0.00, 30.00), yaw=1.07
22:19:53: [INFO] [C:\Users\Happy\Desktop\WARG Autonomy Bootcamp\autonomy-bootcamp-2025-p2\modules\command\command_worker.py | command_worker | 75] Received telemetry: pos=(0.00, 0.00, 30.00), yaw=0.00
22:19:53: [INFO] [C:\Users\Happy\Desktop\WARG Autonomy Bootcamp\autonomy-bootcamp-2025-p2\modules\command\command.py | run | 172] CHANGING_YAW: 63.43 degrees
22:19:53: [DEBUG] [C:\Users\Happy\Desktop\WARG Autonomy Bootcamp\autonomy-bootcamp-2025-p2\modules\command\command_worker.py | command_worker | 87] Queue timeout or error: 
22:19:53: [INFO] [C:\Users\Happy\Desktop\WARG Autonomy Bootcamp\autonomy-bootcamp-2025-p2\modules\command\command_worker.py | command_worker | 75] Received telemetry: pos=(10.00, 0.00, 30.00), yaw=0.00
22:19:53: [INFO] [C:\Users\Happy\Desktop\WARG Autonomy Bootcamp\autonomy-bootcamp-2025-p2\modules\command\command.py | run | 172] CHANGING_YAW: 90.00 degrees
22:19:54: [INFO] [C:\Users\Happy\Desktop\WARG Autonomy Bootcamp\autonomy-bootcamp-2025-p2\modules\command\command_worker.py | command_worker | 75] Received telemetry: pos=(20.00, 0.00, 30.00), yaw=0.00
22:19:54: [INFO] [C:\Users\Happy\Desktop\WARG Autonomy Bootcamp\autonomy-bootcamp-2025-p2\modules\command\command.py | run | 172] CHANGING_YAW: 116.57 degrees
22:19:54: [INFO] [C:\Users\Happy\Desktop\WARG Autonomy Bootcamp\autonomy-bootcamp-2025-p2\modules\command\command_worker.py | command_worker | 75] Received telemetry: pos=(30.00, 0.00, 30.00), yaw=1.57
22:19:54: [INFO] [C:\Users\Happy\Desktop\WARG Autonomy Bootcamp\autonomy-bootcamp-2025-p2\modules\command\command.py | run | 172] CHANGING_YAW: 45.00 degrees
22:19:55: [INFO] [C:\Users\Happy\Desktop\WARG Autonomy Bootcamp\autonomy-bootcamp-2025-p2\modules\command\command_worker.py | command_worker | 75] Received telemetry: pos=(30.00, 10.00, 30.00), yaw=1.57
22:19:55: [INFO] [C:\Users\Happy\Desktop\WARG Autonomy Bootcamp\autonomy-bootcamp-2025-p2\modules\command\command.py | run | 172] CHANGING_YAW: 63.43 degrees
22:19:55: [INFO] [C:\Users\Happy\Desktop\WARG Autonomy Bootcamp\autonomy-bootcamp-2025-p2\modules\command\command_worker.py | command_worker | 75] Received telemetry: pos=(30.00, 20.00, 30.00), yaw=1.57
22:19:55: [INFO] [C:\Users\Happy\Desktop\WARG Autonomy Bootcamp\autonomy-bootcamp-2025-p2\modules\command\command.py | run | 172] CHANGING_YAW: 90.00 degrees
22:19:56: [INFO] [C:\Users\Happy\Desktop\WARG Autonomy Bootcamp\autonomy-bootcamp-2025-p2\modules\command\command_worker.py | command_worker | 75] Received telemetry: pos=(30.00, 30.00, 30.00), yaw=3.14
22:19:56: [INFO] [C:\Users\Happy\Desktop\WARG Autonomy Bootcamp\autonomy-bootcamp-2025-p2\modules\command\command.py | run | 172] CHANGING_YAW: 26.57 degrees
22:19:56: [INFO] [C:\Users\Happy\Desktop\WARG Autonomy Bootcamp\autonomy-bootcamp-2025-p2\modules\command\command_worker.py | command_worker | 75] Received telemetry: pos=(20.00, 30.00, 30.00), yaw=-3.14
22:19:56: [INFO] [C:\Users\Happy\Desktop\WARG Autonomy Bootcamp\autonomy-bootcamp-2025-p2\modules\command\command.py | run | 172] CHANGING_YAW: 45.00 degrees
22:19:57: [INFO] [C:\Users\Happy\Desktop\WARG Autonomy Bootcamp\autonomy-bootcamp-2025-p2\modules\command\command_worker.py | command_worker | 75] Received telemetry: pos=(10.00, 30.00, 30.00), yaw=3.14
22:19:57: [INFO] [C:\Users\Happy\Desktop\WARG Autonomy Bootcamp\autonomy-bootcamp-2025-p2\modules\command\command.py | run | 172] CHANGING_YAW: 90.00 degrees
22:19:57: [INFO] [C:\Users\Happy\Desktop\WARG Autonomy Bootcamp\autonomy-bootcamp-2025-p2\modules\command\command_worker.py | command_worker | 75] Received telemetry: pos=(0.00, 30.00, 30.00), yaw=-1.57
22:19:57: [INFO] [C:\Users\Happy\Desktop\WARG Autonomy Bootcamp\autonomy-bootcamp-2025-p2\modules\command\command.py | run | 172] CHANGING_YAW: 45.00 degrees
22:19:58: [INFO] [C:\Users\Happy\Desktop\WARG Autonomy Bootcamp\autonomy-bootcamp-2025-p2\modules\command\command_worker.py | command_worker | 75] Received telemetry: pos=(0.00, 20.00, 30.00), yaw=-1.57
22:19:58: [INFO] [C:\Users\Happy\Desktop\WARG Autonomy Bootcamp\autonomy-bootcamp-2025-p2\modules\command\command.py | run | 172] CHANGING_YAW: 90.00 degrees
22:19:58: [INFO] [C:\Users\Happy\Desktop\WARG Autonomy Bootcamp\autonomy-bootcamp-2025-p2\modules\command\command_worker.py | command_worker | 75] Received telemetry: pos=(0.00, 10.00, 30.00), yaw=-1.57
22:19:58: [INFO] [C:\Users\Happy\Desktop\WARG Autonomy Bootcamp\autonomy-bootcamp-2025-p2\modules\command\command.py | run | 172] CHANGING_YAW: 135.00 degrees
22:19:59: [INFO] [C:\Users\Happy\Desktop\WARG Autonomy Bootcamp\autonomy-bootcamp-2025-p2\modules\command\command_worker.py | command_worker | 75] Received telemetry: pos=(0.00, 0.00, 30.00), yaw=1.57
22:19:59: [INFO] [C:\Users\Happy\Desktop\WARG Autonomy Bootcamp\autonomy-bootcamp-2025-p2\modules\command\command.py | run | 172] CHANGING_YAW: -26.57 degrees
22:19:59: [INFO] [C:\Users\Happy\Desktop\WARG Autonomy Bootcamp\autonomy-bootcamp-2025-p2\modules\command\command_worker.py | command_worker | 75] Received telemetry: pos=(0.00, 10.00, 30.00), yaw=1.57
22:19:59: [INFO] [C:\Users\Happy\Desktop\WARG Autonomy Bootcamp\autonomy-bootcamp-2025-p2\modules\command\command.py | run | 172] CHANGING_YAW: -45.00 degrees
22:20:00: [INFO] [C:\Users\Happy\Desktop\WARG Autonomy Bootcamp\autonomy-bootcamp-2025-p2\modules\command\command_worker.py | command_worker | 75] Received telemetry: pos=(0.00, 20.00, 30.00), yaw=1.57
22:20:00: [INFO] [C:\Users\Happy\Desktop\WARG Autonomy Bootcamp\autonomy-bootcamp-2025-p2\modules\command\command.py | run | 172] CHANGING_YAW: -90.00 degrees
22:20:00: [INFO] [C:\Users\Happy\Desktop\WARG Autonomy Bootcamp\autonomy-bootcamp-2025-p2\modules\command\command_worker.py | command_worker | 75] Received telemetry: pos=(0.00, 30.00, 30.00), yaw=0.00
22:20:00: [INFO] [C:\Users\Happy\Desktop\WARG Autonomy Bootcamp\autonomy-bootcamp-2025-p2\modules\command\command.py | run | 172] CHANGING_YAW: -45.00 degrees
22:20:01: [INFO] [C:\Users\Happy\Desktop\WARG Autonomy Bootcamp\autonomy-bootcamp-2025-p2\modules\command\command_worker.py | command_worker | 75] Received telemetry: pos=(10.00, 30.00, 30.00), yaw=0.00
22:20:01: [INFO] [C:\Users\Happy\Desktop\WARG Autonomy Bootcamp\autonomy-bootcamp-2025-p2\modules\command\command.py | run | 172] CHANGING_YAW: -90.00 degrees
22:20:01: [INFO] [C:\Users\Happy\Desktop\WARG Autonomy Bootcamp\autonomy-bootcamp-2025-p2\modules\command\command_worker.py | command_worker | 75] Received telemetry: pos=(20.00, 30.00, 30.00), yaw=0.00
22:20:01: [INFO] [C:\Users\Happy\Desktop\WARG Autonomy Bootcamp\autonomy-bootcamp-2025-p2\modules\command\command.py | run | 172] CHANGING_YAW: -135.00 degrees
22:20:02: [INFO] [C:\Users\Happy\Desktop\WARG Autonomy Bootcamp\autonomy-bootcamp-2025-p2\modules\command\command_worker.py | command_worker | 75] Received telemetry: pos=(30.00, 30.00, 30.00), yaw=-1.57
22:20:02: [INFO] [C:\Users\Happy\Desktop\WARG Autonomy Bootcamp\autonomy-bootcamp-2025-p2\modules\command\command.py | run | 172] CHANGING_YAW: -63.43 degrees
22:20:02: [INFO] [C:\Users\Happy\Desktop\WARG Autonomy Bootcamp\autonomy-bootcamp-2025-p2\modules\command\command_worker.py | command_worker | 75] Received telemetry: pos=(30.00, 20.00, 30.00), yaw=-1.57
22:20:02: [INFO] [C:\Users\Happy\Desktop\WARG Autonomy Bootcamp\autonomy-bootcamp-2025-p2\modules\command\command.py | run | 172] CHANGING_YAW: -90.00 degrees
22:20:03: [INFO] [C:\Users\Happy\Desktop\WARG Autonomy Bootcamp\autonomy-bootcamp-2025-p2\modules\command\command_worker.py | command_worker | 75] Received telemetry: pos=(30.00, 10.00, 30.00), yaw=-1.57
22:20:03: [INFO] [C:\Users\Happy\Desktop\WARG Autonomy Bootcamp\autonomy-bootcamp-2025-p2\modules\command\command.py | run | 172] CHANGING_YAW: -116.57 degrees
22:20:03: [INFO] [C:\Users\Happy\Desktop\WARG Autonomy Bootcamp\autonomy-bootcamp-2025-p2\modules\command\command_worker.py | command_worker | 75] Received telemetry: pos=(30.00, 0.00, 30.00), yaw=-3.14
22:20:03: [INFO] [C:\Users\Happy\Desktop\WARG Autonomy Bootcamp\autonomy-bootcamp-2025-p2\modules\command\command.py | run | 172] CHANGING_YAW: -45.00 degrees
22:20:04: [INFO] [C:\Users\Happy\Desktop\WARG Autonomy Bootcamp\autonomy-bootcamp-2025-p2\modules\command\command_worker.py | command_worker | 75] Received telemetry: pos=(20.00, 0.00, 30.00), yaw=3.14
22:20:04: [INFO] [C:\Users\Happy\Desktop\WARG Autonomy Bootcamp\autonomy-bootcamp-2025-p2\modules\command\command.py | run | 172] CHANGING_YAW: -63.43 degrees
22:20:04: [INFO] [C:\Users\Happy\Desktop\WARG Autonomy Bootcamp\autonomy-bootcamp-2025-p2\modules\command\command_worker.py | command_worker | 75] Received telemetry: pos=(10.00, 0.00, 30.00), yaw=-3.14
22:20:04: [INFO] [C:\Users\Happy\Desktop\WARG Autonomy Bootcamp\autonomy-bootcamp-2025-p2\modules\command\command.py | run | 172] CHANGING_YAW: -90.00 degrees
22:20:05: [DEBUG] [C:\Users\Happy\Desktop\WARG Autonomy Bootcamp\autonomy-bootcamp-2025-p2\modules\command\command_worker.py | command_worker | 87] Queue timeout or error: 
22:20:05: [INFO] [C:\Users\Happy\Desktop\WARG Autonomy Bootcamp\autonomy-bootcamp-2025-p2\modules\command\command_worker.py | command_worker | 90] Command worker stopped
