15:07:35: [INFO] [C:\Users\Happy\Desktop\WARG Autonomy Bootcamp\autonomy-bootcamp-2025-p2\modules\command\command_worker.py | command_worker | 46] Logger initialized for Command Worker
15:07:35: [INFO] [C:\Users\Happy\Desktop\WARG Autonomy Bootcamp\autonomy-bootcamp-2025-p2\modules\command\command_worker.py | command_worker | 60] Command object created successfully
15:07:35: [INFO] [C:\Users\Happy\Desktop\WARG Autonomy Bootcamp\autonomy-bootcamp-2025-p2\modules\command\command_worker.py | command_worker | 75] Received telemetry: pos=(0.00, 0.00, 29.00), yaw=0.00
15:07:35: [DEBUG] [C:\Users\Happy\Desktop\WARG Autonomy Bootcamp\autonomy-bootcamp-2025-p2\modules\command\command.py | run | 94] No previous telemetry for velocity calculation
15:07:35: [INFO] [C:\Users\Happy\Desktop\WARG Autonomy Bootcamp\autonomy-bootcamp-2025-p2\modules\command\command.py | run | 157] CHANGE ALTITUDE: 1.00
15:07:35: [INFO] [C:\Users\Happy\Desktop\WARG Autonomy Bootcamp\autonomy-bootcamp-2025-p2\modules\command\command_worker.py | command_worker | 75] Received telemetry: pos=(0.00, 0.00, 31.00), yaw=0.00
15:07:35: [WARNING] [C:\Users\Happy\Desktop\WARG Autonomy Bootcamp\autonomy-bootcamp-2025-p2\modules\command\command.py | run | 96] Current telemetry time_since_boot is None
15:07:35: [INFO] [C:\Users\Happy\Desktop\WARG Autonomy Bootcamp\autonomy-bootcamp-2025-p2\modules\command\command.py | run | 157] CHANGE ALTITUDE: -1.00
15:07:36: [INFO] [C:\Users\Happy\Desktop\WARG Autonomy Bootcamp\autonomy-bootcamp-2025-p2\modules\command\command_worker.py | command_worker | 75] Received telemetry: pos=(0.00, 0.00, 30.20), yaw=1.11
15:07:36: [WARNING] [C:\Users\Happy\Desktop\WARG Autonomy Bootcamp\autonomy-bootcamp-2025-p2\modules\command\command.py | run | 96] Current telemetry time_since_boot is None
15:07:36: [INFO] [C:\Users\Happy\Desktop\WARG Autonomy Bootcamp\autonomy-bootcamp-2025-p2\modules\command\command_worker.py | command_worker | 75] Received telemetry: pos=(0.00, 0.00, 29.80), yaw=1.11
15:07:36: [WARNING] [C:\Users\Happy\Desktop\WARG Autonomy Bootcamp\autonomy-bootcamp-2025-p2\modules\command\command.py | run | 96] Current telemetry time_since_boot is None
15:07:37: [INFO] [C:\Users\Happy\Desktop\WARG Autonomy Bootcamp\autonomy-bootcamp-2025-p2\modules\command\command_worker.py | command_worker | 75] Received telemetry: pos=(0.00, 0.00, 30.00), yaw=1.11
15:07:37: [WARNING] [C:\Users\Happy\Desktop\WARG Autonomy Bootcamp\autonomy-bootcamp-2025-p2\modules\command\command.py | run | 96] Current telemetry time_since_boot is None
15:07:37: [INFO] [C:\Users\Happy\Desktop\WARG Autonomy Bootcamp\autonomy-bootcamp-2025-p2\modules\command\command_worker.py | command_worker | 75] Received telemetry: pos=(0.00, 0.00, 30.00), yaw=1.14
15:07:37: [WARNING] [C:\Users\Happy\Desktop\WARG Autonomy Bootcamp\autonomy-bootcamp-2025-p2\modules\command\command.py | run | 96] Current telemetry time_since_boot is None
15:07:38: [INFO] [C:\Users\Happy\Desktop\WARG Autonomy Bootcamp\autonomy-bootcamp-2025-p2\modules\command\command_worker.py | command_worker | 75] Received telemetry: pos=(0.00, 0.00, 30.00), yaw=1.07
15:07:38: [WARNING] [C:\Users\Happy\Desktop\WARG Autonomy Bootcamp\autonomy-bootcamp-2025-p2\modules\command\command.py | run | 96] Current telemetry time_since_boot is None
15:07:38: [INFO] [C:\Users\Happy\Desktop\WARG Autonomy Bootcamp\autonomy-bootcamp-2025-p2\modules\command\command_worker.py | command_worker | 75] Received telemetry: pos=(0.00, 0.00, 30.00), yaw=0.00
15:07:38: [WARNING] [C:\Users\Happy\Desktop\WARG Autonomy Bootcamp\autonomy-bootcamp-2025-p2\modules\command\command.py | run | 96] Current telemetry time_since_boot is None
15:07:38: [INFO] [C:\Users\Happy\Desktop\WARG Autonomy Bootcamp\autonomy-bootcamp-2025-p2\modules\command\command.py | run | 174] CHANGE YAW: 63.43
15:07:39: [INFO] [C:\Users\Happy\Desktop\WARG Autonomy Bootcamp\autonomy-bootcamp-2025-p2\modules\command\command_worker.py | command_worker | 75] Received telemetry: pos=(10.00, 0.00, 30.00), yaw=0.00
15:07:39: [WARNING] [C:\Users\Happy\Desktop\WARG Autonomy Bootcamp\autonomy-bootcamp-2025-p2\modules\command\command.py | run | 96] Current telemetry time_since_boot is None
15:07:39: [INFO] [C:\Users\Happy\Desktop\WARG Autonomy Bootcamp\autonomy-bootcamp-2025-p2\modules\command\command.py | run | 174] CHANGE YAW: 90.00
15:07:39: [INFO] [C:\Users\Happy\Desktop\WARG Autonomy Bootcamp\autonomy-bootcamp-2025-p2\modules\command\command_worker.py | command_worker | 75] Received telemetry: pos=(20.00, 0.00, 30.00), yaw=0.00
15:07:39: [WARNING] [C:\Users\Happy\Desktop\WARG Autonomy Bootcamp\autonomy-bootcamp-2025-p2\modules\command\command.py | run | 96] Current telemetry time_since_boot is None
15:07:39: [INFO] [C:\Users\Happy\Desktop\WARG Autonomy Bootcamp\autonomy-bootcamp-2025-p2\modules\command\command.py | run | 174] CHANGE YAW: 116.57
15:07:40: [INFO] [C:\Users\Happy\Desktop\WARG Autonomy Bootcamp\autonomy-bootcamp-2025-p2\modules\command\command_worker.py | command_worker | 75] Received telemetry: pos=(30.00, 0.00, 30.00), yaw=1.57
15:07:40: [WARNING] [C:\Users\Happy\Desktop\WARG Autonomy Bootcamp\autonomy-bootcamp-2025-p2\modules\command\command.py | run | 96] Current telemetry time_since_boot is None
15:07:40: [INFO] [C:\Users\Happy\Desktop\WARG Autonomy Bootcamp\autonomy-bootcamp-2025-p2\modules\command\command.py | run | 174] CHANGE YAW: 45.00
15:07:40: [INFO] [C:\Users\Happy\Desktop\WARG Autonomy Bootcamp\autonomy-bootcamp-2025-p2\modules\command\command_worker.py | command_worker | 75] Received telemetry: pos=(30.00, 10.00, 30.00), yaw=1.57
15:07:40: [WARNING] [C:\Users\Happy\Desktop\WARG Autonomy Bootcamp\autonomy-bootcamp-2025-p2\modules\command\command.py | run | 96] Current telemetry time_since_boot is None
15:07:40: [INFO] [C:\Users\Happy\Desktop\WARG Autonomy Bootcamp\autonomy-bootcamp-2025-p2\modules\command\command.py | run | 174] CHANGE YAW: 63.43
15:07:41: [INFO] [C:\Users\Happy\Desktop\WARG Autonomy Bootcamp\autonomy-bootcamp-2025-p2\modules\command\command_worker.py | command_worker | 75] Received telemetry: pos=(30.00, 20.00, 30.00), yaw=1.57
15:07:41: [WARNING] [C:\Users\Happy\Desktop\WARG Autonomy Bootcamp\autonomy-bootcamp-2025-p2\modules\command\command.py | run | 96] Current telemetry time_since_boot is None
15:07:41: [INFO] [C:\Users\Happy\Desktop\WARG Autonomy Bootcamp\autonomy-bootcamp-2025-p2\modules\command\command.py | run | 174] CHANGE YAW: 90.00
15:07:41: [INFO] [C:\Users\Happy\Desktop\WARG Autonomy Bootcamp\autonomy-bootcamp-2025-p2\modules\command\command_worker.py | command_worker | 75] Received telemetry: pos=(30.00, 30.00, 30.00), yaw=3.14
15:07:41: [WARNING] [C:\Users\Happy\Desktop\WARG Autonomy Bootcamp\autonomy-bootcamp-2025-p2\modules\command\command.py | run | 96] Current telemetry time_since_boot is None
15:07:41: [INFO] [C:\Users\Happy\Desktop\WARG Autonomy Bootcamp\autonomy-bootcamp-2025-p2\modules\command\command.py | run | 174] CHANGE YAW: 26.57
15:07:42: [INFO] [C:\Users\Happy\Desktop\WARG Autonomy Bootcamp\autonomy-bootcamp-2025-p2\modules\command\command_worker.py | command_worker | 75] Received telemetry: pos=(20.00, 30.00, 30.00), yaw=-3.14
15:07:42: [WARNING] [C:\Users\Happy\Desktop\WARG Autonomy Bootcamp\autonomy-bootcamp-2025-p2\modules\command\command.py | run | 96] Current telemetry time_since_boot is None
15:07:42: [INFO] [C:\Users\Happy\Desktop\WARG Autonomy Bootcamp\autonomy-bootcamp-2025-p2\modules\command\command.py | run | 174] CHANGE YAW: 45.00
15:07:42: [INFO] [C:\Users\Happy\Desktop\WARG Autonomy Bootcamp\autonomy-bootcamp-2025-p2\modules\command\command_worker.py | command_worker | 75] Received telemetry: pos=(10.00, 30.00, 30.00), yaw=3.14
15:07:42: [WARNING] [C:\Users\Happy\Desktop\WARG Autonomy Bootcamp\autonomy-bootcamp-2025-p2\modules\command\command.py | run | 96] Current telemetry time_since_boot is None
15:07:42: [INFO] [C:\Users\Happy\Desktop\WARG Autonomy Bootcamp\autonomy-bootcamp-2025-p2\modules\command\command.py | run | 174] CHANGE YAW: 90.00
15:07:43: [INFO] [C:\Users\Happy\Desktop\WARG Autonomy Bootcamp\autonomy-bootcamp-2025-p2\modules\command\command_worker.py | command_worker | 75] Received telemetry: pos=(0.00, 30.00, 30.00), yaw=-1.57
15:07:43: [WARNING] [C:\Users\Happy\Desktop\WARG Autonomy Bootcamp\autonomy-bootcamp-2025-p2\modules\command\command.py | run | 96] Current telemetry time_since_boot is None
15:07:43: [INFO] [C:\Users\Happy\Desktop\WARG Autonomy Bootcamp\autonomy-bootcamp-2025-p2\modules\command\command.py | run | 174] CHANGE YAW: 45.00
15:07:43: [INFO] [C:\Users\Happy\Desktop\WARG Autonomy Bootcamp\autonomy-bootcamp-2025-p2\modules\command\command_worker.py | command_worker | 75] Received telemetry: pos=(0.00, 20.00, 30.00), yaw=-1.57
15:07:43: [WARNING] [C:\Users\Happy\Desktop\WARG Autonomy Bootcamp\autonomy-bootcamp-2025-p2\modules\command\command.py | run | 96] Current telemetry time_since_boot is None
15:07:43: [INFO] [C:\Users\Happy\Desktop\WARG Autonomy Bootcamp\autonomy-bootcamp-2025-p2\modules\command\command.py | run | 174] CHANGE YAW: 90.00
15:07:44: [INFO] [C:\Users\Happy\Desktop\WARG Autonomy Bootcamp\autonomy-bootcamp-2025-p2\modules\command\command_worker.py | command_worker | 75] Received telemetry: pos=(0.00, 10.00, 30.00), yaw=-1.57
15:07:44: [WARNING] [C:\Users\Happy\Desktop\WARG Autonomy Bootcamp\autonomy-bootcamp-2025-p2\modules\command\command.py | run | 96] Current telemetry time_since_boot is None
15:07:44: [INFO] [C:\Users\Happy\Desktop\WARG Autonomy Bootcamp\autonomy-bootcamp-2025-p2\modules\command\command.py | run | 174] CHANGE YAW: 135.00
15:07:44: [INFO] [C:\Users\Happy\Desktop\WARG Autonomy Bootcamp\autonomy-bootcamp-2025-p2\modules\command\command_worker.py | command_worker | 75] Received telemetry: pos=(0.00, 0.00, 30.00), yaw=1.57
15:07:44: [WARNING] [C:\Users\Happy\Desktop\WARG Autonomy Bootcamp\autonomy-bootcamp-2025-p2\modules\command\command.py | run | 96] Current telemetry time_since_boot is None
15:07:44: [INFO] [C:\Users\Happy\Desktop\WARG Autonomy Bootcamp\autonomy-bootcamp-2025-p2\modules\command\command.py | run | 174] CHANGE YAW: -26.57
15:07:45: [INFO] [C:\Users\Happy\Desktop\WARG Autonomy Bootcamp\autonomy-bootcamp-2025-p2\modules\command\command_worker.py | command_worker | 75] Received telemetry: pos=(0.00, 10.00, 30.00), yaw=1.57
15:07:45: [WARNING] [C:\Users\Happy\Desktop\WARG Autonomy Bootcamp\autonomy-bootcamp-2025-p2\modules\command\command.py | run | 96] Current telemetry time_since_boot is None
15:07:45: [INFO] [C:\Users\Happy\Desktop\WARG Autonomy Bootcamp\autonomy-bootcamp-2025-p2\modules\command\command.py | run | 174] CHANGE YAW: -45.00
15:07:45: [INFO] [C:\Users\Happy\Desktop\WARG Autonomy Bootcamp\autonomy-bootcamp-2025-p2\modules\command\command_worker.py | command_worker | 75] Received telemetry: pos=(0.00, 20.00, 30.00), yaw=1.57
15:07:45: [WARNING] [C:\Users\Happy\Desktop\WARG Autonomy Bootcamp\autonomy-bootcamp-2025-p2\modules\command\command.py | run | 96] Current telemetry time_since_boot is None
15:07:45: [INFO] [C:\Users\Happy\Desktop\WARG Autonomy Bootcamp\autonomy-bootcamp-2025-p2\modules\command\command.py | run | 174] CHANGE YAW: -90.00
15:07:46: [INFO] [C:\Users\Happy\Desktop\WARG Autonomy Bootcamp\autonomy-bootcamp-2025-p2\modules\command\command_worker.py | command_worker | 75] Received telemetry: pos=(0.00, 30.00, 30.00), yaw=0.00
15:07:46: [WARNING] [C:\Users\Happy\Desktop\WARG Autonomy Bootcamp\autonomy-bootcamp-2025-p2\modules\command\command.py | run | 96] Current telemetry time_since_boot is None
15:07:46: [INFO] [C:\Users\Happy\Desktop\WARG Autonomy Bootcamp\autonomy-bootcamp-2025-p2\modules\command\command.py | run | 174] CHANGE YAW: -45.00
15:07:46: [INFO] [C:\Users\Happy\Desktop\WARG Autonomy Bootcamp\autonomy-bootcamp-2025-p2\modules\command\command_worker.py | command_worker | 75] Received telemetry: pos=(10.00, 30.00, 30.00), yaw=0.00
15:07:46: [WARNING] [C:\Users\Happy\Desktop\WARG Autonomy Bootcamp\autonomy-bootcamp-2025-p2\modules\command\command.py | run | 96] Current telemetry time_since_boot is None
15:07:46: [INFO] [C:\Users\Happy\Desktop\WARG Autonomy Bootcamp\autonomy-bootcamp-2025-p2\modules\command\command.py | run | 174] CHANGE YAW: -90.00
15:07:47: [INFO] [C:\Users\Happy\Desktop\WARG Autonomy Bootcamp\autonomy-bootcamp-2025-p2\modules\command\command_worker.py | command_worker | 75] Received telemetry: pos=(20.00, 30.00, 30.00), yaw=0.00
15:07:47: [WARNING] [C:\Users\Happy\Desktop\WARG Autonomy Bootcamp\autonomy-bootcamp-2025-p2\modules\command\command.py | run | 96] Current telemetry time_since_boot is None
15:07:47: [INFO] [C:\Users\Happy\Desktop\WARG Autonomy Bootcamp\autonomy-bootcamp-2025-p2\modules\command\command.py | run | 174] CHANGE YAW: -135.00
15:07:47: [INFO] [C:\Users\Happy\Desktop\WARG Autonomy Bootcamp\autonomy-bootcamp-2025-p2\modules\command\command_worker.py | command_worker | 75] Received telemetry: pos=(30.00, 30.00, 30.00), yaw=-1.57
15:07:47: [WARNING] [C:\Users\Happy\Desktop\WARG Autonomy Bootcamp\autonomy-bootcamp-2025-p2\modules\command\command.py | run | 96] Current telemetry time_since_boot is None
15:07:47: [INFO] [C:\Users\Happy\Desktop\WARG Autonomy Bootcamp\autonomy-bootcamp-2025-p2\modules\command\command.py | run | 174] CHANGE YAW: -63.43
15:07:48: [INFO] [C:\Users\Happy\Desktop\WARG Autonomy Bootcamp\autonomy-bootcamp-2025-p2\modules\command\command_worker.py | command_worker | 75] Received telemetry: pos=(30.00, 20.00, 30.00), yaw=-1.57
15:07:48: [WARNING] [C:\Users\Happy\Desktop\WARG Autonomy Bootcamp\autonomy-bootcamp-2025-p2\modules\command\command.py | run | 96] Current telemetry time_since_boot is None
15:07:48: [INFO] [C:\Users\Happy\Desktop\WARG Autonomy Bootcamp\autonomy-bootcamp-2025-p2\modules\command\command.py | run | 174] CHANGE YAW: -90.00
15:07:48: [INFO] [C:\Users\Happy\Desktop\WARG Autonomy Bootcamp\autonomy-bootcamp-2025-p2\modules\command\command_worker.py | command_worker | 75] Received telemetry: pos=(30.00, 10.00, 30.00), yaw=-1.57
15:07:48: [WARNING] [C:\Users\Happy\Desktop\WARG Autonomy Bootcamp\autonomy-bootcamp-2025-p2\modules\command\command.py | run | 96] Current telemetry time_since_boot is None
15:07:48: [INFO] [C:\Users\Happy\Desktop\WARG Autonomy Bootcamp\autonomy-bootcamp-2025-p2\modules\command\command.py | run | 174] CHANGE YAW: -116.57
15:07:49: [INFO] [C:\Users\Happy\Desktop\WARG Autonomy Bootcamp\autonomy-bootcamp-2025-p2\modules\command\command_worker.py | command_worker | 75] Received telemetry: pos=(30.00, 0.00, 30.00), yaw=-3.14
15:07:49: [WARNING] [C:\Users\Happy\Desktop\WARG Autonomy Bootcamp\autonomy-bootcamp-2025-p2\modules\command\command.py | run | 96] Current telemetry time_since_boot is None
15:07:49: [INFO] [C:\Users\Happy\Desktop\WARG Autonomy Bootcamp\autonomy-bootcamp-2025-p2\modules\command\command.py | run | 174] CHANGE YAW: -45.00
15:07:49: [INFO] [C:\Users\Happy\Desktop\WARG Autonomy Bootcamp\autonomy-bootcamp-2025-p2\modules\command\command_worker.py | command_worker | 75] Received telemetry: pos=(20.00, 0.00, 30.00), yaw=3.14
15:07:49: [WARNING] [C:\Users\Happy\Desktop\WARG Autonomy Bootcamp\autonomy-bootcamp-2025-p2\modules\command\command.py | run | 96] Current telemetry time_since_boot is None
15:07:49: [INFO] [C:\Users\Happy\Desktop\WARG Autonomy Bootcamp\autonomy-bootcamp-2025-p2\modules\command\command.py | run | 174] CHANGE YAW: -63.43
15:07:50: [INFO] [C:\Users\Happy\Desktop\WARG Autonomy Bootcamp\autonomy-bootcamp-2025-p2\modules\command\command_worker.py | command_worker | 75] Received telemetry: pos=(10.00, 0.00, 30.00), yaw=-3.14
15:07:50: [WARNING] [C:\Users\Happy\Desktop\WARG Autonomy Bootcamp\autonomy-bootcamp-2025-p2\modules\command\command.py | run | 96] Current telemetry time_since_boot is None
15:07:50: [INFO] [C:\Users\Happy\Desktop\WARG Autonomy Bootcamp\autonomy-bootcamp-2025-p2\modules\command\command.py | run | 174] CHANGE YAW: -90.00
15:07:50: [DEBUG] [C:\Users\Happy\Desktop\WARG Autonomy Bootcamp\autonomy-bootcamp-2025-p2\modules\command\command_worker.py | command_worker | 87] Queue timeout or error: 
15:07:51: [DEBUG] [C:\Users\Happy\Desktop\WARG Autonomy Bootcamp\autonomy-bootcamp-2025-p2\modules\command\command_worker.py | command_worker | 87] Queue timeout or error: 
15:07:51: [INFO] [C:\Users\Happy\Desktop\WARG Autonomy Bootcamp\autonomy-bootcamp-2025-p2\modules\command\command_worker.py | command_worker | 90] Command worker stopped
