22:10:44: [INFO] [C:\Users\Happy\Desktop\OneDrive\Desktop\WARG Autonomy Bootcamp\autonomy-bootcamp-2025-p2\modules\command\command_worker.py | command_worker | 48] Logger initialized for Command Worker
22:10:44: [INFO] [C:\Users\Happy\Desktop\OneDrive\Desktop\WARG Autonomy Bootcamp\autonomy-bootcamp-2025-p2\modules\command\command_worker.py | command_worker | 65] Command object created successfully
22:10:44: [INFO] [C:\Users\Happy\Desktop\OneDrive\Desktop\WARG Autonomy Bootcamp\autonomy-bootcamp-2025-p2\modules\command\command.py | run | 110] CHANGE_ALTITUDE: 1.00 m
22:10:44: [INFO] [C:\Users\Happy\Desktop\OneDrive\Desktop\WARG Autonomy Bootcamp\autonomy-bootcamp-2025-p2\modules\command\command.py | run | 139] CHANGING_YAW: 0.60 degrees
22:10:45: [INFO] [C:\Users\Happy\Desktop\OneDrive\Desktop\WARG Autonomy Bootcamp\autonomy-bootcamp-2025-p2\modules\command\command.py | run | 110] CHANGE_ALTITUDE: -1.00 m
22:10:45: [INFO] [C:\Users\Happy\Desktop\OneDrive\Desktop\WARG Autonomy Bootcamp\autonomy-bootcamp-2025-p2\modules\command\command.py | run | 139] CHANGING_YAW: 0.60 degrees
22:10:45: [INFO] [C:\Users\Happy\Desktop\OneDrive\Desktop\WARG Autonomy Bootcamp\autonomy-bootcamp-2025-p2\modules\command\command.py | run | 110] CHANGE_ALTITUDE: -0.20 m
22:10:45: [INFO] [C:\Users\Happy\Desktop\OneDrive\Desktop\WARG Autonomy Bootcamp\autonomy-bootcamp-2025-p2\modules\command\command.py | run | 139] CHANGING_YAW: 0.00 degrees
22:10:46: [INFO] [C:\Users\Happy\Desktop\OneDrive\Desktop\WARG Autonomy Bootcamp\autonomy-bootcamp-2025-p2\modules\command\command.py | run | 110] CHANGE_ALTITUDE: 0.20 m
22:10:46: [INFO] [C:\Users\Happy\Desktop\OneDrive\Desktop\WARG Autonomy Bootcamp\autonomy-bootcamp-2025-p2\modules\command\command.py | run | 139] CHANGING_YAW: 0.00 degrees
22:10:46: [INFO] [C:\Users\Happy\Desktop\OneDrive\Desktop\WARG Autonomy Bootcamp\autonomy-bootcamp-2025-p2\modules\command\command.py | run | 110] CHANGE_ALTITUDE: 0.00 m
22:10:46: [INFO] [C:\Users\Happy\Desktop\OneDrive\Desktop\WARG Autonomy Bootcamp\autonomy-bootcamp-2025-p2\modules\command\command.py | run | 139] CHANGING_YAW: 0.00 degrees
22:10:47: [INFO] [C:\Users\Happy\Desktop\OneDrive\Desktop\WARG Autonomy Bootcamp\autonomy-bootcamp-2025-p2\modules\command\command.py | run | 110] CHANGE_ALTITUDE: 0.00 m
22:10:47: [INFO] [C:\Users\Happy\Desktop\OneDrive\Desktop\WARG Autonomy Bootcamp\autonomy-bootcamp-2025-p2\modules\command\command.py | run | 139] CHANGING_YAW: -2.00 degrees
22:10:47: [INFO] [C:\Users\Happy\Desktop\OneDrive\Desktop\WARG Autonomy Bootcamp\autonomy-bootcamp-2025-p2\modules\command\command.py | run | 110] CHANGE_ALTITUDE: 0.00 m
22:10:47: [INFO] [C:\Users\Happy\Desktop\OneDrive\Desktop\WARG Autonomy Bootcamp\autonomy-bootcamp-2025-p2\modules\command\command.py | run | 139] CHANGING_YAW: 2.00 degrees
22:10:48: [INFO] [C:\Users\Happy\Desktop\OneDrive\Desktop\WARG Autonomy Bootcamp\autonomy-bootcamp-2025-p2\modules\command\command.py | run | 110] CHANGE_ALTITUDE: 0.00 m
22:10:48: [INFO] [C:\Users\Happy\Desktop\OneDrive\Desktop\WARG Autonomy Bootcamp\autonomy-bootcamp-2025-p2\modules\command\command.py | run | 139] CHANGING_YAW: 0.60 degrees
22:10:48: [INFO] [C:\Users\Happy\Desktop\OneDrive\Desktop\WARG Autonomy Bootcamp\autonomy-bootcamp-2025-p2\modules\command\command.py | run | 110] CHANGE_ALTITUDE: 0.00 m
22:10:48: [INFO] [C:\Users\Happy\Desktop\OneDrive\Desktop\WARG Autonomy Bootcamp\autonomy-bootcamp-2025-p2\modules\command\command.py | run | 139] CHANGING_YAW: 2.04 degrees
22:10:49: [INFO] [C:\Users\Happy\Desktop\OneDrive\Desktop\WARG Autonomy Bootcamp\autonomy-bootcamp-2025-p2\modules\command\command.py | run | 110] CHANGE_ALTITUDE: 0.00 m
22:10:49: [INFO] [C:\Users\Happy\Desktop\OneDrive\Desktop\WARG Autonomy Bootcamp\autonomy-bootcamp-2025-p2\modules\command\command.py | run | 139] CHANGING_YAW: -2.82 degrees
22:10:49: [INFO] [C:\Users\Happy\Desktop\OneDrive\Desktop\WARG Autonomy Bootcamp\autonomy-bootcamp-2025-p2\modules\command\command.py | run | 110] CHANGE_ALTITUDE: 0.00 m
22:10:49: [INFO] [C:\Users\Happy\Desktop\OneDrive\Desktop\WARG Autonomy Bootcamp\autonomy-bootcamp-2025-p2\modules\command\command.py | run | 139] CHANGING_YAW: 1.02 degrees
22:10:50: [INFO] [C:\Users\Happy\Desktop\OneDrive\Desktop\WARG Autonomy Bootcamp\autonomy-bootcamp-2025-p2\modules\command\command.py | run | 110] CHANGE_ALTITUDE: 0.00 m
22:10:50: [INFO] [C:\Users\Happy\Desktop\OneDrive\Desktop\WARG Autonomy Bootcamp\autonomy-bootcamp-2025-p2\modules\command\command.py | run | 139] CHANGING_YAW: 0.60 degrees
22:10:50: [INFO] [C:\Users\Happy\Desktop\OneDrive\Desktop\WARG Autonomy Bootcamp\autonomy-bootcamp-2025-p2\modules\command\command.py | run | 110] CHANGE_ALTITUDE: 0.00 m
22:10:50: [INFO] [C:\Users\Happy\Desktop\OneDrive\Desktop\WARG Autonomy Bootcamp\autonomy-bootcamp-2025-p2\modules\command\command.py | run | 139] CHANGING_YAW: 2.04 degrees
22:10:51: [INFO] [C:\Users\Happy\Desktop\OneDrive\Desktop\WARG Autonomy Bootcamp\autonomy-bootcamp-2025-p2\modules\command\command.py | run | 110] CHANGE_ALTITUDE: 0.00 m
22:10:51: [INFO] [C:\Users\Happy\Desktop\OneDrive\Desktop\WARG Autonomy Bootcamp\autonomy-bootcamp-2025-p2\modules\command\command.py | run | 139] CHANGING_YAW: -0.43 degrees
22:10:51: [INFO] [C:\Users\Happy\Desktop\OneDrive\Desktop\WARG Autonomy Bootcamp\autonomy-bootcamp-2025-p2\modules\command\command.py | run | 110] CHANGE_ALTITUDE: 0.00 m
22:10:51: [INFO] [C:\Users\Happy\Desktop\OneDrive\Desktop\WARG Autonomy Bootcamp\autonomy-bootcamp-2025-p2\modules\command\command.py | run | 139] CHANGING_YAW: 1.02 degrees
22:10:52: [INFO] [C:\Users\Happy\Desktop\OneDrive\Desktop\WARG Autonomy Bootcamp\autonomy-bootcamp-2025-p2\modules\command\command.py | run | 110] CHANGE_ALTITUDE: 0.00 m
22:10:52: [INFO] [C:\Users\Happy\Desktop\OneDrive\Desktop\WARG Autonomy Bootcamp\autonomy-bootcamp-2025-p2\modules\command\command.py | run | 139] CHANGING_YAW: 0.18 degrees
22:10:52: [INFO] [C:\Users\Happy\Desktop\OneDrive\Desktop\WARG Autonomy Bootcamp\autonomy-bootcamp-2025-p2\modules\command\command.py | run | 110] CHANGE_ALTITUDE: 0.00 m
22:10:52: [INFO] [C:\Users\Happy\Desktop\OneDrive\Desktop\WARG Autonomy Bootcamp\autonomy-bootcamp-2025-p2\modules\command\command.py | run | 139] CHANGING_YAW: 1.02 degrees
22:10:53: [INFO] [C:\Users\Happy\Desktop\OneDrive\Desktop\WARG Autonomy Bootcamp\autonomy-bootcamp-2025-p2\modules\command\command.py | run | 110] CHANGE_ALTITUDE: 0.00 m
22:10:53: [INFO] [C:\Users\Happy\Desktop\OneDrive\Desktop\WARG Autonomy Bootcamp\autonomy-bootcamp-2025-p2\modules\command\command.py | run | 139] CHANGING_YAW: 2.04 degrees
22:10:53: [INFO] [C:\Users\Happy\Desktop\OneDrive\Desktop\WARG Autonomy Bootcamp\autonomy-bootcamp-2025-p2\modules\command\command.py | run | 110] CHANGE_ALTITUDE: 0.00 m
22:10:53: [INFO] [C:\Users\Happy\Desktop\OneDrive\Desktop\WARG Autonomy Bootcamp\autonomy-bootcamp-2025-p2\modules\command\command.py | run | 139] CHANGING_YAW: 3.05 degrees
22:10:54: [INFO] [C:\Users\Happy\Desktop\OneDrive\Desktop\WARG Autonomy Bootcamp\autonomy-bootcamp-2025-p2\modules\command\command.py | run | 110] CHANGE_ALTITUDE: 0.00 m
22:10:54: [INFO] [C:\Users\Happy\Desktop\OneDrive\Desktop\WARG Autonomy Bootcamp\autonomy-bootcamp-2025-p2\modules\command\command.py | run | 139] CHANGING_YAW: -1.43 degrees
22:10:54: [INFO] [C:\Users\Happy\Desktop\OneDrive\Desktop\WARG Autonomy Bootcamp\autonomy-bootcamp-2025-p2\modules\command\command.py | run | 110] CHANGE_ALTITUDE: 0.00 m
22:10:54: [INFO] [C:\Users\Happy\Desktop\OneDrive\Desktop\WARG Autonomy Bootcamp\autonomy-bootcamp-2025-p2\modules\command\command.py | run | 139] CHANGING_YAW: -1.02 degrees
22:10:55: [INFO] [C:\Users\Happy\Desktop\OneDrive\Desktop\WARG Autonomy Bootcamp\autonomy-bootcamp-2025-p2\modules\command\command.py | run | 110] CHANGE_ALTITUDE: 0.00 m
22:10:55: [INFO] [C:\Users\Happy\Desktop\OneDrive\Desktop\WARG Autonomy Bootcamp\autonomy-bootcamp-2025-p2\modules\command\command.py | run | 139] CHANGING_YAW: -2.04 degrees
22:10:55: [INFO] [C:\Users\Happy\Desktop\OneDrive\Desktop\WARG Autonomy Bootcamp\autonomy-bootcamp-2025-p2\modules\command\command.py | run | 110] CHANGE_ALTITUDE: 0.00 m
22:10:55: [INFO] [C:\Users\Happy\Desktop\OneDrive\Desktop\WARG Autonomy Bootcamp\autonomy-bootcamp-2025-p2\modules\command\command.py | run | 139] CHANGING_YAW: -1.02 degrees
22:10:56: [INFO] [C:\Users\Happy\Desktop\OneDrive\Desktop\WARG Autonomy Bootcamp\autonomy-bootcamp-2025-p2\modules\command\command.py | run | 110] CHANGE_ALTITUDE: 0.00 m
22:10:56: [INFO] [C:\Users\Happy\Desktop\OneDrive\Desktop\WARG Autonomy Bootcamp\autonomy-bootcamp-2025-p2\modules\command\command.py | run | 139] CHANGING_YAW: -2.04 degrees
22:10:56: [INFO] [C:\Users\Happy\Desktop\OneDrive\Desktop\WARG Autonomy Bootcamp\autonomy-bootcamp-2025-p2\modules\command\command.py | run | 110] CHANGE_ALTITUDE: 0.00 m
22:10:56: [INFO] [C:\Users\Happy\Desktop\OneDrive\Desktop\WARG Autonomy Bootcamp\autonomy-bootcamp-2025-p2\modules\command\command.py | run | 139] CHANGING_YAW: -3.05 degrees
22:10:57: [INFO] [C:\Users\Happy\Desktop\OneDrive\Desktop\WARG Autonomy Bootcamp\autonomy-bootcamp-2025-p2\modules\command\command.py | run | 110] CHANGE_ALTITUDE: 0.00 m
22:10:57: [INFO] [C:\Users\Happy\Desktop\OneDrive\Desktop\WARG Autonomy Bootcamp\autonomy-bootcamp-2025-p2\modules\command\command.py | run | 139] CHANGING_YAW: -0.60 degrees
22:10:57: [INFO] [C:\Users\Happy\Desktop\OneDrive\Desktop\WARG Autonomy Bootcamp\autonomy-bootcamp-2025-p2\modules\command\command.py | run | 110] CHANGE_ALTITUDE: 0.00 m
22:10:57: [INFO] [C:\Users\Happy\Desktop\OneDrive\Desktop\WARG Autonomy Bootcamp\autonomy-bootcamp-2025-p2\modules\command\command.py | run | 139] CHANGING_YAW: -0.18 degrees
22:10:58: [INFO] [C:\Users\Happy\Desktop\OneDrive\Desktop\WARG Autonomy Bootcamp\autonomy-bootcamp-2025-p2\modules\command\command.py | run | 110] CHANGE_ALTITUDE: 0.00 m
22:10:58: [INFO] [C:\Users\Happy\Desktop\OneDrive\Desktop\WARG Autonomy Bootcamp\autonomy-bootcamp-2025-p2\modules\command\command.py | run | 139] CHANGING_YAW: -1.61 degrees
22:10:58: [INFO] [C:\Users\Happy\Desktop\OneDrive\Desktop\WARG Autonomy Bootcamp\autonomy-bootcamp-2025-p2\modules\command\command.py | run | 110] CHANGE_ALTITUDE: 0.00 m
22:10:58: [INFO] [C:\Users\Happy\Desktop\OneDrive\Desktop\WARG Autonomy Bootcamp\autonomy-bootcamp-2025-p2\modules\command\command.py | run | 139] CHANGING_YAW: 0.84 degrees
22:10:59: [INFO] [C:\Users\Happy\Desktop\OneDrive\Desktop\WARG Autonomy Bootcamp\autonomy-bootcamp-2025-p2\modules\command\command.py | run | 110] CHANGE_ALTITUDE: 0.00 m
22:10:59: [INFO] [C:\Users\Happy\Desktop\OneDrive\Desktop\WARG Autonomy Bootcamp\autonomy-bootcamp-2025-p2\modules\command\command.py | run | 139] CHANGING_YAW: -0.60 degrees
22:10:59: [INFO] [C:\Users\Happy\Desktop\OneDrive\Desktop\WARG Autonomy Bootcamp\autonomy-bootcamp-2025-p2\modules\command\command.py | run | 110] CHANGE_ALTITUDE: 0.00 m
22:10:59: [INFO] [C:\Users\Happy\Desktop\OneDrive\Desktop\WARG Autonomy Bootcamp\autonomy-bootcamp-2025-p2\modules\command\command.py | run | 139] CHANGING_YAW: -0.18 degrees
