23:23:10: [INFO] [C:\Users\Happy\Desktop\WARG Autonomy Bootcamp\autonomy-bootcamp-2025-p2\modules\command\command_worker.py | command_worker | 46] Logger initialized for Command Worker
23:23:10: [INFO] [C:\Users\Happy\Desktop\WARG Autonomy Bootcamp\autonomy-bootcamp-2025-p2\modules\command\command_worker.py | command_worker | 60] Command object created successfully
23:23:10: [INFO] [C:\Users\Happy\Desktop\WARG Autonomy Bootcamp\autonomy-bootcamp-2025-p2\modules\command\command_worker.py | command_worker | 75] Received telemetry: pos=(0.00, 0.00, 29.00), yaw=0.00
23:23:10: [DEBUG] [C:\Users\Happy\Desktop\WARG Autonomy Bootcamp\autonomy-bootcamp-2025-p2\modules\command\command.py | run | 97] No previous telemetry for velocity calculation
23:23:10: [INFO] [C:\Users\Happy\Desktop\WARG Autonomy Bootcamp\autonomy-bootcamp-2025-p2\modules\command\command.py | run | 160] CHANGE ALTITUDE: 1.00
23:23:10: [INFO] [C:\Users\Happy\Desktop\WARG Autonomy Bootcamp\autonomy-bootcamp-2025-p2\modules\command\command_worker.py | command_worker | 75] Received telemetry: pos=(0.00, 0.00, 31.00), yaw=0.00
23:23:10: [WARNING] [C:\Users\Happy\Desktop\WARG Autonomy Bootcamp\autonomy-bootcamp-2025-p2\modules\command\command.py | run | 99] Current telemetry time_since_boot is None
23:23:10: [INFO] [C:\Users\Happy\Desktop\WARG Autonomy Bootcamp\autonomy-bootcamp-2025-p2\modules\command\command.py | run | 160] CHANGE ALTITUDE: -1.00
23:23:11: [INFO] [C:\Users\Happy\Desktop\WARG Autonomy Bootcamp\autonomy-bootcamp-2025-p2\modules\command\command_worker.py | command_worker | 75] Received telemetry: pos=(0.00, 0.00, 30.20), yaw=1.11
23:23:11: [WARNING] [C:\Users\Happy\Desktop\WARG Autonomy Bootcamp\autonomy-bootcamp-2025-p2\modules\command\command.py | run | 99] Current telemetry time_since_boot is None
23:23:11: [INFO] [C:\Users\Happy\Desktop\WARG Autonomy Bootcamp\autonomy-bootcamp-2025-p2\modules\command\command_worker.py | command_worker | 75] Received telemetry: pos=(0.00, 0.00, 29.80), yaw=1.11
23:23:11: [WARNING] [C:\Users\Happy\Desktop\WARG Autonomy Bootcamp\autonomy-bootcamp-2025-p2\modules\command\command.py | run | 99] Current telemetry time_since_boot is None
23:23:12: [INFO] [C:\Users\Happy\Desktop\WARG Autonomy Bootcamp\autonomy-bootcamp-2025-p2\modules\command\command_worker.py | command_worker | 75] Received telemetry: pos=(0.00, 0.00, 30.00), yaw=1.11
23:23:12: [WARNING] [C:\Users\Happy\Desktop\WARG Autonomy Bootcamp\autonomy-bootcamp-2025-p2\modules\command\command.py | run | 99] Current telemetry time_since_boot is None
23:23:12: [INFO] [C:\Users\Happy\Desktop\WARG Autonomy Bootcamp\autonomy-bootcamp-2025-p2\modules\command\command_worker.py | command_worker | 75] Received telemetry: pos=(0.00, 0.00, 30.00), yaw=1.14
23:23:12: [WARNING] [C:\Users\Happy\Desktop\WARG Autonomy Bootcamp\autonomy-bootcamp-2025-p2\modules\command\command.py | run | 99] Current telemetry time_since_boot is None
23:23:13: [INFO] [C:\Users\Happy\Desktop\WARG Autonomy Bootcamp\autonomy-bootcamp-2025-p2\modules\command\command_worker.py | command_worker | 75] Received telemetry: pos=(0.00, 0.00, 30.00), yaw=1.07
23:23:13: [WARNING] [C:\Users\Happy\Desktop\WARG Autonomy Bootcamp\autonomy-bootcamp-2025-p2\modules\command\command.py | run | 99] Current telemetry time_since_boot is None
23:23:13: [INFO] [C:\Users\Happy\Desktop\WARG Autonomy Bootcamp\autonomy-bootcamp-2025-p2\modules\command\command_worker.py | command_worker | 75] Received telemetry: pos=(0.00, 0.00, 30.00), yaw=0.00
23:23:13: [WARNING] [C:\Users\Happy\Desktop\WARG Autonomy Bootcamp\autonomy-bootcamp-2025-p2\modules\command\command.py | run | 99] Current telemetry time_since_boot is None
23:23:13: [INFO] [C:\Users\Happy\Desktop\WARG Autonomy Bootcamp\autonomy-bootcamp-2025-p2\modules\command\command.py | run | 177] CHANGE YAW: 63.43
23:23:14: [INFO] [C:\Users\Happy\Desktop\WARG Autonomy Bootcamp\autonomy-bootcamp-2025-p2\modules\command\command_worker.py | command_worker | 75] Received telemetry: pos=(10.00, 0.00, 30.00), yaw=0.00
23:23:14: [WARNING] [C:\Users\Happy\Desktop\WARG Autonomy Bootcamp\autonomy-bootcamp-2025-p2\modules\command\command.py | run | 99] Current telemetry time_since_boot is None
23:23:14: [INFO] [C:\Users\Happy\Desktop\WARG Autonomy Bootcamp\autonomy-bootcamp-2025-p2\modules\command\command.py | run | 177] CHANGE YAW: 90.00
23:23:14: [INFO] [C:\Users\Happy\Desktop\WARG Autonomy Bootcamp\autonomy-bootcamp-2025-p2\modules\command\command_worker.py | command_worker | 75] Received telemetry: pos=(20.00, 0.00, 30.00), yaw=0.00
23:23:14: [WARNING] [C:\Users\Happy\Desktop\WARG Autonomy Bootcamp\autonomy-bootcamp-2025-p2\modules\command\command.py | run | 99] Current telemetry time_since_boot is None
23:23:14: [INFO] [C:\Users\Happy\Desktop\WARG Autonomy Bootcamp\autonomy-bootcamp-2025-p2\modules\command\command.py | run | 177] CHANGE YAW: 116.57
23:23:15: [INFO] [C:\Users\Happy\Desktop\WARG Autonomy Bootcamp\autonomy-bootcamp-2025-p2\modules\command\command_worker.py | command_worker | 75] Received telemetry: pos=(30.00, 0.00, 30.00), yaw=1.57
23:23:15: [WARNING] [C:\Users\Happy\Desktop\WARG Autonomy Bootcamp\autonomy-bootcamp-2025-p2\modules\command\command.py | run | 99] Current telemetry time_since_boot is None
23:23:15: [INFO] [C:\Users\Happy\Desktop\WARG Autonomy Bootcamp\autonomy-bootcamp-2025-p2\modules\command\command.py | run | 177] CHANGE YAW: 45.00
23:23:15: [INFO] [C:\Users\Happy\Desktop\WARG Autonomy Bootcamp\autonomy-bootcamp-2025-p2\modules\command\command_worker.py | command_worker | 75] Received telemetry: pos=(30.00, 10.00, 30.00), yaw=1.57
23:23:15: [WARNING] [C:\Users\Happy\Desktop\WARG Autonomy Bootcamp\autonomy-bootcamp-2025-p2\modules\command\command.py | run | 99] Current telemetry time_since_boot is None
23:23:15: [INFO] [C:\Users\Happy\Desktop\WARG Autonomy Bootcamp\autonomy-bootcamp-2025-p2\modules\command\command.py | run | 177] CHANGE YAW: 63.43
23:23:16: [INFO] [C:\Users\Happy\Desktop\WARG Autonomy Bootcamp\autonomy-bootcamp-2025-p2\modules\command\command_worker.py | command_worker | 75] Received telemetry: pos=(30.00, 20.00, 30.00), yaw=1.57
23:23:16: [WARNING] [C:\Users\Happy\Desktop\WARG Autonomy Bootcamp\autonomy-bootcamp-2025-p2\modules\command\command.py | run | 99] Current telemetry time_since_boot is None
23:23:16: [INFO] [C:\Users\Happy\Desktop\WARG Autonomy Bootcamp\autonomy-bootcamp-2025-p2\modules\command\command.py | run | 177] CHANGE YAW: 90.00
23:23:16: [INFO] [C:\Users\Happy\Desktop\WARG Autonomy Bootcamp\autonomy-bootcamp-2025-p2\modules\command\command_worker.py | command_worker | 75] Received telemetry: pos=(30.00, 30.00, 30.00), yaw=3.14
23:23:16: [WARNING] [C:\Users\Happy\Desktop\WARG Autonomy Bootcamp\autonomy-bootcamp-2025-p2\modules\command\command.py | run | 99] Current telemetry time_since_boot is None
23:23:16: [INFO] [C:\Users\Happy\Desktop\WARG Autonomy Bootcamp\autonomy-bootcamp-2025-p2\modules\command\command.py | run | 177] CHANGE YAW: 26.57
23:23:17: [INFO] [C:\Users\Happy\Desktop\WARG Autonomy Bootcamp\autonomy-bootcamp-2025-p2\modules\command\command_worker.py | command_worker | 75] Received telemetry: pos=(20.00, 30.00, 30.00), yaw=-3.14
23:23:17: [WARNING] [C:\Users\Happy\Desktop\WARG Autonomy Bootcamp\autonomy-bootcamp-2025-p2\modules\command\command.py | run | 99] Current telemetry time_since_boot is None
23:23:17: [INFO] [C:\Users\Happy\Desktop\WARG Autonomy Bootcamp\autonomy-bootcamp-2025-p2\modules\command\command.py | run | 177] CHANGE YAW: 45.00
23:23:17: [INFO] [C:\Users\Happy\Desktop\WARG Autonomy Bootcamp\autonomy-bootcamp-2025-p2\modules\command\command_worker.py | command_worker | 75] Received telemetry: pos=(10.00, 30.00, 30.00), yaw=3.14
23:23:17: [WARNING] [C:\Users\Happy\Desktop\WARG Autonomy Bootcamp\autonomy-bootcamp-2025-p2\modules\command\command.py | run | 99] Current telemetry time_since_boot is None
23:23:17: [INFO] [C:\Users\Happy\Desktop\WARG Autonomy Bootcamp\autonomy-bootcamp-2025-p2\modules\command\command.py | run | 177] CHANGE YAW: 90.00
23:23:18: [INFO] [C:\Users\Happy\Desktop\WARG Autonomy Bootcamp\autonomy-bootcamp-2025-p2\modules\command\command_worker.py | command_worker | 75] Received telemetry: pos=(0.00, 30.00, 30.00), yaw=-1.57
23:23:18: [WARNING] [C:\Users\Happy\Desktop\WARG Autonomy Bootcamp\autonomy-bootcamp-2025-p2\modules\command\command.py | run | 99] Current telemetry time_since_boot is None
23:23:18: [INFO] [C:\Users\Happy\Desktop\WARG Autonomy Bootcamp\autonomy-bootcamp-2025-p2\modules\command\command.py | run | 177] CHANGE YAW: 45.00
23:23:18: [INFO] [C:\Users\Happy\Desktop\WARG Autonomy Bootcamp\autonomy-bootcamp-2025-p2\modules\command\command_worker.py | command_worker | 75] Received telemetry: pos=(0.00, 20.00, 30.00), yaw=-1.57
23:23:18: [WARNING] [C:\Users\Happy\Desktop\WARG Autonomy Bootcamp\autonomy-bootcamp-2025-p2\modules\command\command.py | run | 99] Current telemetry time_since_boot is None
23:23:18: [INFO] [C:\Users\Happy\Desktop\WARG Autonomy Bootcamp\autonomy-bootcamp-2025-p2\modules\command\command.py | run | 177] CHANGE YAW: 90.00
23:23:19: [INFO] [C:\Users\Happy\Desktop\WARG Autonomy Bootcamp\autonomy-bootcamp-2025-p2\modules\command\command_worker.py | command_worker | 75] Received telemetry: pos=(0.00, 10.00, 30.00), yaw=-1.57
23:23:19: [WARNING] [C:\Users\Happy\Desktop\WARG Autonomy Bootcamp\autonomy-bootcamp-2025-p2\modules\command\command.py | run | 99] Current telemetry time_since_boot is None
23:23:19: [INFO] [C:\Users\Happy\Desktop\WARG Autonomy Bootcamp\autonomy-bootcamp-2025-p2\modules\command\command.py | run | 177] CHANGE YAW: 135.00
23:23:19: [INFO] [C:\Users\Happy\Desktop\WARG Autonomy Bootcamp\autonomy-bootcamp-2025-p2\modules\command\command_worker.py | command_worker | 75] Received telemetry: pos=(0.00, 0.00, 30.00), yaw=1.57
23:23:19: [WARNING] [C:\Users\Happy\Desktop\WARG Autonomy Bootcamp\autonomy-bootcamp-2025-p2\modules\command\command.py | run | 99] Current telemetry time_since_boot is None
23:23:19: [INFO] [C:\Users\Happy\Desktop\WARG Autonomy Bootcamp\autonomy-bootcamp-2025-p2\modules\command\command.py | run | 177] CHANGE YAW: -26.57
23:23:20: [INFO] [C:\Users\Happy\Desktop\WARG Autonomy Bootcamp\autonomy-bootcamp-2025-p2\modules\command\command_worker.py | command_worker | 75] Received telemetry: pos=(0.00, 10.00, 30.00), yaw=1.57
23:23:20: [WARNING] [C:\Users\Happy\Desktop\WARG Autonomy Bootcamp\autonomy-bootcamp-2025-p2\modules\command\command.py | run | 99] Current telemetry time_since_boot is None
23:23:20: [INFO] [C:\Users\Happy\Desktop\WARG Autonomy Bootcamp\autonomy-bootcamp-2025-p2\modules\command\command.py | run | 177] CHANGE YAW: -45.00
23:23:20: [INFO] [C:\Users\Happy\Desktop\WARG Autonomy Bootcamp\autonomy-bootcamp-2025-p2\modules\command\command_worker.py | command_worker | 75] Received telemetry: pos=(0.00, 20.00, 30.00), yaw=1.57
23:23:20: [WARNING] [C:\Users\Happy\Desktop\WARG Autonomy Bootcamp\autonomy-bootcamp-2025-p2\modules\command\command.py | run | 99] Current telemetry time_since_boot is None
23:23:20: [INFO] [C:\Users\Happy\Desktop\WARG Autonomy Bootcamp\autonomy-bootcamp-2025-p2\modules\command\command.py | run | 177] CHANGE YAW: -90.00
23:23:21: [INFO] [C:\Users\Happy\Desktop\WARG Autonomy Bootcamp\autonomy-bootcamp-2025-p2\modules\command\command_worker.py | command_worker | 75] Received telemetry: pos=(0.00, 30.00, 30.00), yaw=0.00
23:23:21: [WARNING] [C:\Users\Happy\Desktop\WARG Autonomy Bootcamp\autonomy-bootcamp-2025-p2\modules\command\command.py | run | 99] Current telemetry time_since_boot is None
23:23:21: [INFO] [C:\Users\Happy\Desktop\WARG Autonomy Bootcamp\autonomy-bootcamp-2025-p2\modules\command\command.py | run | 177] CHANGE YAW: -45.00
23:23:21: [INFO] [C:\Users\Happy\Desktop\WARG Autonomy Bootcamp\autonomy-bootcamp-2025-p2\modules\command\command_worker.py | command_worker | 75] Received telemetry: pos=(10.00, 30.00, 30.00), yaw=0.00
23:23:21: [WARNING] [C:\Users\Happy\Desktop\WARG Autonomy Bootcamp\autonomy-bootcamp-2025-p2\modules\command\command.py | run | 99] Current telemetry time_since_boot is None
23:23:21: [INFO] [C:\Users\Happy\Desktop\WARG Autonomy Bootcamp\autonomy-bootcamp-2025-p2\modules\command\command.py | run | 177] CHANGE YAW: -90.00
23:23:22: [INFO] [C:\Users\Happy\Desktop\WARG Autonomy Bootcamp\autonomy-bootcamp-2025-p2\modules\command\command_worker.py | command_worker | 75] Received telemetry: pos=(20.00, 30.00, 30.00), yaw=0.00
23:23:22: [WARNING] [C:\Users\Happy\Desktop\WARG Autonomy Bootcamp\autonomy-bootcamp-2025-p2\modules\command\command.py | run | 99] Current telemetry time_since_boot is None
23:23:22: [INFO] [C:\Users\Happy\Desktop\WARG Autonomy Bootcamp\autonomy-bootcamp-2025-p2\modules\command\command.py | run | 177] CHANGE YAW: -135.00
23:23:22: [INFO] [C:\Users\Happy\Desktop\WARG Autonomy Bootcamp\autonomy-bootcamp-2025-p2\modules\command\command_worker.py | command_worker | 75] Received telemetry: pos=(30.00, 30.00, 30.00), yaw=-1.57
23:23:22: [WARNING] [C:\Users\Happy\Desktop\WARG Autonomy Bootcamp\autonomy-bootcamp-2025-p2\modules\command\command.py | run | 99] Current telemetry time_since_boot is None
23:23:22: [INFO] [C:\Users\Happy\Desktop\WARG Autonomy Bootcamp\autonomy-bootcamp-2025-p2\modules\command\command.py | run | 177] CHANGE YAW: -63.43
23:23:23: [INFO] [C:\Users\Happy\Desktop\WARG Autonomy Bootcamp\autonomy-bootcamp-2025-p2\modules\command\command_worker.py | command_worker | 75] Received telemetry: pos=(30.00, 20.00, 30.00), yaw=-1.57
23:23:23: [WARNING] [C:\Users\Happy\Desktop\WARG Autonomy Bootcamp\autonomy-bootcamp-2025-p2\modules\command\command.py | run | 99] Current telemetry time_since_boot is None
23:23:23: [INFO] [C:\Users\Happy\Desktop\WARG Autonomy Bootcamp\autonomy-bootcamp-2025-p2\modules\command\command.py | run | 177] CHANGE YAW: -90.00
23:23:23: [INFO] [C:\Users\Happy\Desktop\WARG Autonomy Bootcamp\autonomy-bootcamp-2025-p2\modules\command\command_worker.py | command_worker | 75] Received telemetry: pos=(30.00, 10.00, 30.00), yaw=-1.57
23:23:23: [WARNING] [C:\Users\Happy\Desktop\WARG Autonomy Bootcamp\autonomy-bootcamp-2025-p2\modules\command\command.py | run | 99] Current telemetry time_since_boot is None
23:23:23: [INFO] [C:\Users\Happy\Desktop\WARG Autonomy Bootcamp\autonomy-bootcamp-2025-p2\modules\command\command.py | run | 177] CHANGE YAW: -116.57
23:23:24: [INFO] [C:\Users\Happy\Desktop\WARG Autonomy Bootcamp\autonomy-bootcamp-2025-p2\modules\command\command_worker.py | command_worker | 75] Received telemetry: pos=(30.00, 0.00, 30.00), yaw=-3.14
23:23:24: [WARNING] [C:\Users\Happy\Desktop\WARG Autonomy Bootcamp\autonomy-bootcamp-2025-p2\modules\command\command.py | run | 99] Current telemetry time_since_boot is None
23:23:24: [INFO] [C:\Users\Happy\Desktop\WARG Autonomy Bootcamp\autonomy-bootcamp-2025-p2\modules\command\command.py | run | 177] CHANGE YAW: -45.00
23:23:24: [DEBUG] [C:\Users\Happy\Desktop\WARG Autonomy Bootcamp\autonomy-bootcamp-2025-p2\modules\command\command_worker.py | command_worker | 87] Queue timeout or error: 
23:23:24: [INFO] [C:\Users\Happy\Desktop\WARG Autonomy Bootcamp\autonomy-bootcamp-2025-p2\modules\command\command_worker.py | command_worker | 75] Received telemetry: pos=(20.00, 0.00, 30.00), yaw=3.14
23:23:24: [WARNING] [C:\Users\Happy\Desktop\WARG Autonomy Bootcamp\autonomy-bootcamp-2025-p2\modules\command\command.py | run | 99] Current telemetry time_since_boot is None
23:23:24: [INFO] [C:\Users\Happy\Desktop\WARG Autonomy Bootcamp\autonomy-bootcamp-2025-p2\modules\command\command.py | run | 177] CHANGE YAW: -63.43
23:23:25: [INFO] [C:\Users\Happy\Desktop\WARG Autonomy Bootcamp\autonomy-bootcamp-2025-p2\modules\command\command_worker.py | command_worker | 75] Received telemetry: pos=(10.00, 0.00, 30.00), yaw=-3.14
23:23:25: [WARNING] [C:\Users\Happy\Desktop\WARG Autonomy Bootcamp\autonomy-bootcamp-2025-p2\modules\command\command.py | run | 99] Current telemetry time_since_boot is None
23:23:25: [INFO] [C:\Users\Happy\Desktop\WARG Autonomy Bootcamp\autonomy-bootcamp-2025-p2\modules\command\command.py | run | 177] CHANGE YAW: -90.00
23:23:25: [DEBUG] [C:\Users\Happy\Desktop\WARG Autonomy Bootcamp\autonomy-bootcamp-2025-p2\modules\command\command_worker.py | command_worker | 87] Queue timeout or error: 
23:23:26: [DEBUG] [C:\Users\Happy\Desktop\WARG Autonomy Bootcamp\autonomy-bootcamp-2025-p2\modules\command\command_worker.py | command_worker | 87] Queue timeout or error: 
23:23:26: [INFO] [C:\Users\Happy\Desktop\WARG Autonomy Bootcamp\autonomy-bootcamp-2025-p2\modules\command\command_worker.py | command_worker | 90] Command worker stopped
