22:29:08: [INFO] [C:\Users\Happy\Desktop\WARG Autonomy Bootcamp\autonomy-bootcamp-2025-p2\modules\command\command_worker.py | command_worker | 46] Logger initialized for Command Worker
22:29:08: [INFO] [C:\Users\Happy\Desktop\WARG Autonomy Bootcamp\autonomy-bootcamp-2025-p2\modules\command\command_worker.py | command_worker | 60] Command object created successfully
22:29:08: [INFO] [C:\Users\Happy\Desktop\WARG Autonomy Bootcamp\autonomy-bootcamp-2025-p2\modules\command\command_worker.py | command_worker | 75] Received telemetry: pos=(0.00, 0.00, 29.00), yaw=0.00
22:29:08: [INFO] [C:\Users\Happy\Desktop\WARG Autonomy Bootcamp\autonomy-bootcamp-2025-p2\modules\command\command.py | run | 155] CHANGE ALTITUDE: 1.00
22:29:08: [INFO] [C:\Users\Happy\Desktop\WARG Autonomy Bootcamp\autonomy-bootcamp-2025-p2\modules\command\command_worker.py | command_worker | 75] Received telemetry: pos=(0.00, 0.00, 31.00), yaw=0.00
22:29:08: [INFO] [C:\Users\Happy\Desktop\WARG Autonomy Bootcamp\autonomy-bootcamp-2025-p2\modules\command\command.py | run | 155] CHANGE ALTITUDE: -1.00
22:29:09: [INFO] [C:\Users\Happy\Desktop\WARG Autonomy Bootcamp\autonomy-bootcamp-2025-p2\modules\command\command_worker.py | command_worker | 75] Received telemetry: pos=(0.00, 0.00, 30.20), yaw=1.11
22:29:09: [INFO] [C:\Users\Happy\Desktop\WARG Autonomy Bootcamp\autonomy-bootcamp-2025-p2\modules\command\command_worker.py | command_worker | 75] Received telemetry: pos=(0.00, 0.00, 29.80), yaw=1.11
22:29:10: [INFO] [C:\Users\Happy\Desktop\WARG Autonomy Bootcamp\autonomy-bootcamp-2025-p2\modules\command\command_worker.py | command_worker | 75] Received telemetry: pos=(0.00, 0.00, 30.00), yaw=1.11
22:29:10: [INFO] [C:\Users\Happy\Desktop\WARG Autonomy Bootcamp\autonomy-bootcamp-2025-p2\modules\command\command_worker.py | command_worker | 75] Received telemetry: pos=(0.00, 0.00, 30.00), yaw=1.14
22:29:11: [INFO] [C:\Users\Happy\Desktop\WARG Autonomy Bootcamp\autonomy-bootcamp-2025-p2\modules\command\command_worker.py | command_worker | 75] Received telemetry: pos=(0.00, 0.00, 30.00), yaw=1.07
22:29:11: [INFO] [C:\Users\Happy\Desktop\WARG Autonomy Bootcamp\autonomy-bootcamp-2025-p2\modules\command\command_worker.py | command_worker | 75] Received telemetry: pos=(0.00, 0.00, 30.00), yaw=0.00
22:29:11: [INFO] [C:\Users\Happy\Desktop\WARG Autonomy Bootcamp\autonomy-bootcamp-2025-p2\modules\command\command.py | run | 172] CHANGE YAW: 63.43
22:29:12: [INFO] [C:\Users\Happy\Desktop\WARG Autonomy Bootcamp\autonomy-bootcamp-2025-p2\modules\command\command_worker.py | command_worker | 75] Received telemetry: pos=(10.00, 0.00, 30.00), yaw=0.00
22:29:12: [INFO] [C:\Users\Happy\Desktop\WARG Autonomy Bootcamp\autonomy-bootcamp-2025-p2\modules\command\command.py | run | 172] CHANGE YAW: 90.00
22:29:12: [INFO] [C:\Users\Happy\Desktop\WARG Autonomy Bootcamp\autonomy-bootcamp-2025-p2\modules\command\command_worker.py | command_worker | 75] Received telemetry: pos=(20.00, 0.00, 30.00), yaw=0.00
22:29:12: [INFO] [C:\Users\Happy\Desktop\WARG Autonomy Bootcamp\autonomy-bootcamp-2025-p2\modules\command\command.py | run | 172] CHANGE YAW: 116.57
22:29:13: [INFO] [C:\Users\Happy\Desktop\WARG Autonomy Bootcamp\autonomy-bootcamp-2025-p2\modules\command\command_worker.py | command_worker | 75] Received telemetry: pos=(30.00, 0.00, 30.00), yaw=1.57
22:29:13: [INFO] [C:\Users\Happy\Desktop\WARG Autonomy Bootcamp\autonomy-bootcamp-2025-p2\modules\command\command.py | run | 172] CHANGE YAW: 45.00
22:29:13: [INFO] [C:\Users\Happy\Desktop\WARG Autonomy Bootcamp\autonomy-bootcamp-2025-p2\modules\command\command_worker.py | command_worker | 75] Received telemetry: pos=(30.00, 10.00, 30.00), yaw=1.57
22:29:13: [INFO] [C:\Users\Happy\Desktop\WARG Autonomy Bootcamp\autonomy-bootcamp-2025-p2\modules\command\command.py | run | 172] CHANGE YAW: 63.43
22:29:14: [INFO] [C:\Users\Happy\Desktop\WARG Autonomy Bootcamp\autonomy-bootcamp-2025-p2\modules\command\command_worker.py | command_worker | 75] Received telemetry: pos=(30.00, 20.00, 30.00), yaw=1.57
22:29:14: [INFO] [C:\Users\Happy\Desktop\WARG Autonomy Bootcamp\autonomy-bootcamp-2025-p2\modules\command\command.py | run | 172] CHANGE YAW: 90.00
22:29:14: [DEBUG] [C:\Users\Happy\Desktop\WARG Autonomy Bootcamp\autonomy-bootcamp-2025-p2\modules\command\command_worker.py | command_worker | 87] Queue timeout or error: 
22:29:14: [INFO] [C:\Users\Happy\Desktop\WARG Autonomy Bootcamp\autonomy-bootcamp-2025-p2\modules\command\command_worker.py | command_worker | 75] Received telemetry: pos=(30.00, 30.00, 30.00), yaw=3.14
22:29:14: [INFO] [C:\Users\Happy\Desktop\WARG Autonomy Bootcamp\autonomy-bootcamp-2025-p2\modules\command\command.py | run | 172] CHANGE YAW: 26.57
22:29:15: [INFO] [C:\Users\Happy\Desktop\WARG Autonomy Bootcamp\autonomy-bootcamp-2025-p2\modules\command\command_worker.py | command_worker | 75] Received telemetry: pos=(20.00, 30.00, 30.00), yaw=-3.14
22:29:15: [INFO] [C:\Users\Happy\Desktop\WARG Autonomy Bootcamp\autonomy-bootcamp-2025-p2\modules\command\command.py | run | 172] CHANGE YAW: 45.00
22:29:15: [INFO] [C:\Users\Happy\Desktop\WARG Autonomy Bootcamp\autonomy-bootcamp-2025-p2\modules\command\command_worker.py | command_worker | 75] Received telemetry: pos=(10.00, 30.00, 30.00), yaw=3.14
22:29:15: [INFO] [C:\Users\Happy\Desktop\WARG Autonomy Bootcamp\autonomy-bootcamp-2025-p2\modules\command\command.py | run | 172] CHANGE YAW: 90.00
22:29:16: [INFO] [C:\Users\Happy\Desktop\WARG Autonomy Bootcamp\autonomy-bootcamp-2025-p2\modules\command\command_worker.py | command_worker | 75] Received telemetry: pos=(0.00, 30.00, 30.00), yaw=-1.57
22:29:16: [INFO] [C:\Users\Happy\Desktop\WARG Autonomy Bootcamp\autonomy-bootcamp-2025-p2\modules\command\command.py | run | 172] CHANGE YAW: 45.00
22:29:16: [INFO] [C:\Users\Happy\Desktop\WARG Autonomy Bootcamp\autonomy-bootcamp-2025-p2\modules\command\command_worker.py | command_worker | 75] Received telemetry: pos=(0.00, 20.00, 30.00), yaw=-1.57
22:29:17: [INFO] [C:\Users\Happy\Desktop\WARG Autonomy Bootcamp\autonomy-bootcamp-2025-p2\modules\command\command.py | run | 172] CHANGE YAW: 90.00
22:29:17: [INFO] [C:\Users\Happy\Desktop\WARG Autonomy Bootcamp\autonomy-bootcamp-2025-p2\modules\command\command_worker.py | command_worker | 75] Received telemetry: pos=(0.00, 10.00, 30.00), yaw=-1.57
22:29:17: [INFO] [C:\Users\Happy\Desktop\WARG Autonomy Bootcamp\autonomy-bootcamp-2025-p2\modules\command\command.py | run | 172] CHANGE YAW: 135.00
22:29:17: [INFO] [C:\Users\Happy\Desktop\WARG Autonomy Bootcamp\autonomy-bootcamp-2025-p2\modules\command\command_worker.py | command_worker | 75] Received telemetry: pos=(0.00, 0.00, 30.00), yaw=1.57
22:29:17: [INFO] [C:\Users\Happy\Desktop\WARG Autonomy Bootcamp\autonomy-bootcamp-2025-p2\modules\command\command.py | run | 172] CHANGE YAW: -26.57
22:29:18: [INFO] [C:\Users\Happy\Desktop\WARG Autonomy Bootcamp\autonomy-bootcamp-2025-p2\modules\command\command_worker.py | command_worker | 75] Received telemetry: pos=(0.00, 10.00, 30.00), yaw=1.57
22:29:18: [INFO] [C:\Users\Happy\Desktop\WARG Autonomy Bootcamp\autonomy-bootcamp-2025-p2\modules\command\command.py | run | 172] CHANGE YAW: -45.00
22:29:18: [DEBUG] [C:\Users\Happy\Desktop\WARG Autonomy Bootcamp\autonomy-bootcamp-2025-p2\modules\command\command_worker.py | command_worker | 87] Queue timeout or error: 
22:29:19: [INFO] [C:\Users\Happy\Desktop\WARG Autonomy Bootcamp\autonomy-bootcamp-2025-p2\modules\command\command_worker.py | command_worker | 75] Received telemetry: pos=(0.00, 20.00, 30.00), yaw=1.57
22:29:19: [INFO] [C:\Users\Happy\Desktop\WARG Autonomy Bootcamp\autonomy-bootcamp-2025-p2\modules\command\command.py | run | 172] CHANGE YAW: -90.00
22:29:19: [INFO] [C:\Users\Happy\Desktop\WARG Autonomy Bootcamp\autonomy-bootcamp-2025-p2\modules\command\command_worker.py | command_worker | 75] Received telemetry: pos=(0.00, 30.00, 30.00), yaw=0.00
22:29:19: [INFO] [C:\Users\Happy\Desktop\WARG Autonomy Bootcamp\autonomy-bootcamp-2025-p2\modules\command\command.py | run | 172] CHANGE YAW: -45.00
22:29:20: [INFO] [C:\Users\Happy\Desktop\WARG Autonomy Bootcamp\autonomy-bootcamp-2025-p2\modules\command\command_worker.py | command_worker | 75] Received telemetry: pos=(10.00, 30.00, 30.00), yaw=0.00
22:29:20: [INFO] [C:\Users\Happy\Desktop\WARG Autonomy Bootcamp\autonomy-bootcamp-2025-p2\modules\command\command.py | run | 172] CHANGE YAW: -90.00
22:29:20: [INFO] [C:\Users\Happy\Desktop\WARG Autonomy Bootcamp\autonomy-bootcamp-2025-p2\modules\command\command_worker.py | command_worker | 75] Received telemetry: pos=(20.00, 30.00, 30.00), yaw=0.00
22:29:20: [INFO] [C:\Users\Happy\Desktop\WARG Autonomy Bootcamp\autonomy-bootcamp-2025-p2\modules\command\command.py | run | 172] CHANGE YAW: -135.00
22:29:21: [INFO] [C:\Users\Happy\Desktop\WARG Autonomy Bootcamp\autonomy-bootcamp-2025-p2\modules\command\command_worker.py | command_worker | 75] Received telemetry: pos=(30.00, 30.00, 30.00), yaw=-1.57
22:29:21: [INFO] [C:\Users\Happy\Desktop\WARG Autonomy Bootcamp\autonomy-bootcamp-2025-p2\modules\command\command.py | run | 172] CHANGE YAW: -63.43
22:29:21: [INFO] [C:\Users\Happy\Desktop\WARG Autonomy Bootcamp\autonomy-bootcamp-2025-p2\modules\command\command_worker.py | command_worker | 75] Received telemetry: pos=(30.00, 20.00, 30.00), yaw=-1.57
22:29:21: [INFO] [C:\Users\Happy\Desktop\WARG Autonomy Bootcamp\autonomy-bootcamp-2025-p2\modules\command\command.py | run | 172] CHANGE YAW: -90.00
22:29:22: [INFO] [C:\Users\Happy\Desktop\WARG Autonomy Bootcamp\autonomy-bootcamp-2025-p2\modules\command\command_worker.py | command_worker | 75] Received telemetry: pos=(30.00, 10.00, 30.00), yaw=-1.57
22:29:22: [INFO] [C:\Users\Happy\Desktop\WARG Autonomy Bootcamp\autonomy-bootcamp-2025-p2\modules\command\command.py | run | 172] CHANGE YAW: -116.57
22:29:22: [INFO] [C:\Users\Happy\Desktop\WARG Autonomy Bootcamp\autonomy-bootcamp-2025-p2\modules\command\command_worker.py | command_worker | 75] Received telemetry: pos=(30.00, 0.00, 30.00), yaw=-3.14
22:29:22: [INFO] [C:\Users\Happy\Desktop\WARG Autonomy Bootcamp\autonomy-bootcamp-2025-p2\modules\command\command.py | run | 172] CHANGE YAW: -45.00
22:29:23: [INFO] [C:\Users\Happy\Desktop\WARG Autonomy Bootcamp\autonomy-bootcamp-2025-p2\modules\command\command_worker.py | command_worker | 75] Received telemetry: pos=(20.00, 0.00, 30.00), yaw=3.14
22:29:23: [INFO] [C:\Users\Happy\Desktop\WARG Autonomy Bootcamp\autonomy-bootcamp-2025-p2\modules\command\command.py | run | 172] CHANGE YAW: -63.43
22:29:23: [INFO] [C:\Users\Happy\Desktop\WARG Autonomy Bootcamp\autonomy-bootcamp-2025-p2\modules\command\command_worker.py | command_worker | 75] Received telemetry: pos=(10.00, 0.00, 30.00), yaw=-3.14
22:29:23: [INFO] [C:\Users\Happy\Desktop\WARG Autonomy Bootcamp\autonomy-bootcamp-2025-p2\modules\command\command.py | run | 172] CHANGE YAW: -90.00
22:29:24: [DEBUG] [C:\Users\Happy\Desktop\WARG Autonomy Bootcamp\autonomy-bootcamp-2025-p2\modules\command\command_worker.py | command_worker | 87] Queue timeout or error: 
22:29:24: [DEBUG] [C:\Users\Happy\Desktop\WARG Autonomy Bootcamp\autonomy-bootcamp-2025-p2\modules\command\command_worker.py | command_worker | 87] Queue timeout or error: 
22:29:24: [INFO] [C:\Users\Happy\Desktop\WARG Autonomy Bootcamp\autonomy-bootcamp-2025-p2\modules\command\command_worker.py | command_worker | 90] Command worker stopped
